TN:
SF:client\src\useCounter.js
FN:3,useCounter
FN:5,(anonymous_1)
FN:5,(anonymous_2)
FN:6,(anonymous_3)
FN:6,(anonymous_4)
FN:7,(anonymous_5)
FNF:6
FNH:6
FNDA:8,useCounter
FNDA:2,(anonymous_1)
FNDA:2,(anonymous_2)
FNDA:1,(anonymous_3)
FNDA:1,(anonymous_4)
FNDA:1,(anonymous_5)
DA:4,8
DA:5,8
DA:6,8
DA:7,8
DA:8,8
LF:5
LH:5
BRDA:3,0,0,3
BRF:1
BRH:1
end_of_record
TN:
SF:client\src\utils.js
FN:3,capitalize
FN:8,sum
FN:9,(anonymous_2)
FN:12,isEmail
FNF:4
FNH:4
FNDA:3,capitalize
FNDA:2,sum
FNDA:3,(anonymous_2)
FNDA:3,isEmail
DA:4,3
DA:5,1
DA:9,3
DA:13,3
LF:4
LH:4
BRDA:4,0,0,2
BRDA:4,0,1,1
BRDA:9,1,0,1
BRDA:9,1,1,1
BRF:4
BRH:4
end_of_record
TN:
SF:client\src\components\Button.jsx
FN:3,(anonymous_0)
FNF:1
FNH:1
FNDA:12,(anonymous_0)
DA:3,1
DA:12,12
DA:21,12
LF:3
LH:3
BRDA:7,0,0,9
BRDA:8,1,0,9
BRDA:9,2,0,11
BRDA:15,3,0,2
BRDA:15,3,1,10
BRDA:26,4,0,12
BRDA:26,4,1,11
BRF:7
BRH:7
end_of_record
