TN:
SF:server\authMiddleware.js
FN:3,authMiddleware
FNF:1
FNH:1
FNDA:3,authMiddleware
DA:4,3
DA:5,3
DA:6,1
DA:7,1
DA:9,2
DA:12,2
LF:6
LH:6
BRDA:5,0,0,1
BRDA:5,0,1,2
BRDA:5,1,0,3
BRDA:5,1,1,2
BRF:4
BRH:4
end_of_record
TN:
SF:server\utils.js
FN:3,toTitleCase
FN:5,(anonymous_1)
FN:8,average
FN:9,(anonymous_3)
FN:12,isValidObjectId
FNF:5
FNH:5
FNDA:3,toTitleCase
FNDA:2,(anonymous_1)
FNDA:3,average
FNDA:3,(anonymous_3)
FNDA:4,isValidObjectId
DA:4,3
DA:5,2
DA:9,3
DA:14,4
DA:17,1
LF:5
LH:5
BRDA:4,0,0,2
BRDA:4,0,1,1
BRDA:9,1,0,1
BRDA:9,1,1,2
BRDA:9,2,0,3
BRDA:9,2,1,2
BRDA:14,3,0,4
BRDA:14,3,1,3
BRF:8
BRH:8
end_of_record
TN:
SF:server\src\app.js
FNF:0
FNH:0
DA:1,1
DA:2,1
DA:4,1
DA:5,1
DA:8,1
DA:10,1
LF:6
LH:6
BRF:0
BRH:0
end_of_record
TN:
SF:server\src\models\Post.js
FNF:0
FNH:0
DA:1,1
DA:3,1
DA:11,1
LF:3
LH:3
BRF:0
BRH:0
end_of_record
TN:
SF:server\src\models\User.js
FNF:0
FNH:0
DA:1,1
DA:3,1
DA:9,1
LF:3
LH:3
BRF:0
BRH:0
end_of_record
TN:
SF:server\src\routes\posts.js
FN:8,(anonymous_0)
FN:14,(anonymous_1)
FN:21,(anonymous_2)
FN:35,(anonymous_3)
FN:42,(anonymous_4)
FNF:5
FNH:0
FNDA:0,(anonymous_0)
FNDA:0,(anonymous_1)
FNDA:0,(anonymous_2)
FNDA:0,(anonymous_3)
FNDA:0,(anonymous_4)
DA:1,1
DA:2,1
DA:3,1
DA:5,1
DA:8,1
DA:9,0
DA:10,0
DA:14,1
DA:15,0
DA:16,0
DA:17,0
DA:21,1
DA:22,0
DA:23,0
DA:24,0
DA:31,0
DA:35,1
DA:36,0
DA:37,0
DA:38,0
DA:42,1
DA:43,0
DA:44,0
DA:45,0
DA:48,1
LF:25
LH:10
BRDA:16,0,0,0
BRDA:16,0,1,0
BRDA:23,1,0,0
BRDA:23,1,1,0
BRDA:37,2,0,0
BRDA:37,2,1,0
BRDA:44,3,0,0
BRDA:44,3,1,0
BRF:8
BRH:0
end_of_record
TN:
SF:server\src\utils\auth.js
FN:1,generateToken
FNF:1
FNH:0
FNDA:0,generateToken
DA:3,0
DA:6,1
LF:2
LH:1
BRF:0
BRH:0
end_of_record
